<?xml version="1.0" encoding="UTF-8" ?>
<testsuites disabled="0" errors="0" failures="0" tests="1" time="3.428">
 <testsuite name="Protractor Demo APP" timestamp="2018-12-24T17:25:13" hostname="localhost" time="3.428" errors="0" tests="1" skipped="0" disabled="0" failures="0">
  <testcase classname="Protractor Demo APP" name="Should add one and two" time="3.427" />
 </testsuite>
</testsuites>