<?xml version="1.0" encoding="UTF-8" ?>
<testsuites disabled="0" errors="0" failures="0" tests="4" time="7.011">
 <testsuite name="Protractor DEMO App" timestamp="2018-12-25T07:20:22" hostname="localhost" time="7.011" errors="0" tests="4" skipped="0" disabled="0" failures="0">
  <testcase classname="Protractor DEMO App" name="Should have a title" time="1.372" />
  <testcase classname="Protractor DEMO App" name="Should add 1 and 2" time="2.255" />
  <testcase classname="Protractor DEMO App" name="Should add 4 and 6" time="2.097" />
  <testcase classname="Protractor DEMO App" name="Should read the value of input" time="1.287" />
 </testsuite>
</testsuites>