<?xml version="1.0" encoding="UTF-8" ?>
<testsuites disabled="0" errors="0" failures="0" tests="1" time="1.723">
 <testsuite name="Protractor Demo App" timestamp="2018-12-24T17:22:50" hostname="localhost" time="1.723" errors="0" tests="1" skipped="0" disabled="0" failures="0">
  <testcase classname="Protractor Demo App" name="Should have a name - Super Calculator" time="1.722" />
 </testsuite>
</testsuites>