<?xml version="1.0" encoding="UTF-8" ?>
<testsuites disabled="0" errors="0" failures="0" tests="1" time="7.69">
 <testsuite name="Protractor DEMO app" timestamp="2018-12-25T09:06:12" hostname="localhost" time="7.69" errors="0" tests="1" skipped="0" disabled="0" failures="0">
  <testcase classname="Protractor DEMO app" name="Should have a history" time="7.69" />
 </testsuite>
</testsuites>